use user specified pattern TTAGGC
reverse complement GCCTAA
Start analysing BAM ECA1831.bam
Treat all reads in BAM as if they were from a same sample
[scan] processed 10000000 reads 
[scan] processed 20000000 reads 
[scan] processed 30000000 reads 
[scan] processed 40000000 reads 
[scan] processed 50000000 reads 
[scan] processed 60000000 reads 
[scan] processed 70000000 reads 
[scan] processed 80000000 reads 
[scan] processed 90000000 reads 
[scan] processed 100000000 reads 
[scan] processed 110000000 reads 
[scan] processed 120000000 reads 
[scan] processed 130000000 reads 
[scan] processed 140000000 reads 
[scan] processed 150000000 reads 
[scan] processed 160000000 reads 
[scan] processed 170000000 reads 
[scan] total reads in BAM scanned 179753602
Completed scanning BAM
Completed writing results
[timer - scan BAM] wall clock: 21437.01s CPU: 3012.99s
