use user specified pattern TTAGGC
reverse complement GCCTAA
Start analysing BAM NIC1116.bam
Treat all reads in BAM as if they were from a same sample
[scan] processed 10000000 reads 
[scan] processed 20000000 reads 
[scan] processed 30000000 reads 
[scan] processed 40000000 reads 
[scan] processed 50000000 reads 
[scan] processed 60000000 reads 
[scan] processed 70000000 reads 
[scan] processed 80000000 reads 
[scan] processed 90000000 reads 
[scan] processed 100000000 reads 
[scan] processed 110000000 reads 
[scan] processed 120000000 reads 
[scan] processed 130000000 reads 
[scan] processed 140000000 reads 
[scan] total reads in BAM scanned 141599451
Completed scanning BAM
Completed writing results
[timer - scan BAM] wall clock: 1758.61s CPU: 1001.87s
